<?xml version="1.0" encoding="UTF-8"?>
<!-- Generated by org.testng.reporters.JUnitReportReporter -->
<testsuite hostname="qainfotech-H81M-S" name="com.crm.qa.testcases.LoginPageTest" tests="3" failures="0" timestamp="14 Jun 2019 09:11:07 GMT" time="25.609" errors="0">
  <testcase name="crmLogoImageTest" time="6.908" classname="com.crm.qa.testcases.LoginPageTest"/>
  <testcase name="loginTest" time="11.971" classname="com.crm.qa.testcases.LoginPageTest"/>
  <testcase name="loginPageTitleTest" time="6.730" classname="com.crm.qa.testcases.LoginPageTest"/>
</testsuite> <!-- com.crm.qa.testcases.LoginPageTest -->
